# JRE version: Java(TM) SE Runtime Environment (8.0_261-b12) (build 1.8.0_261-b12)
# Java VM: Java HotSpot(TM) 64-Bit Server VM (25.261-b12 mixed mode windows-amd64 compressed oops)
Heap:
 PSYoungGen      total 108544K, used 36313K [0x0000000780000000, 0x0000000789180000, 0x00000007c0000000)
  eden space 101376K, 29% used [0x0000000780000000,0x0000000781cba700,0x0000000786300000)
  from space 7168K, 96% used [0x0000000788a80000,0x000000078913be30,0x0000000789180000)
  to   space 10752K, 0% used [0x0000000787c80000,0x0000000787c80000,0x0000000788700000)
 ParOldGen       total 107520K, used 9231K [0x0000000700000000, 0x0000000706900000, 0x0000000780000000)
  object space 107520K, 8% used [0x0000000700000000,0x0000000700903cb8,0x0000000706900000)
 Metaspace       used 28071K, capacity 28522K, committed 28848K, reserved 1073152K
  class space    used 3974K, capacity 4161K, committed 4272K, reserved 1048576K
GC Heap History (10 events):
Event: 0.956 GC heap before
{Heap before GC invocations=1 (full 0):
 PSYoungGen      total 76288K, used 65536K [0x0000000780000000, 0x0000000785500000, 0x00000007c0000000)
  eden space 65536K, 100% used [0x0000000780000000,0x0000000784000000,0x0000000784000000)
  from space 10752K, 0% used [0x0000000784a80000,0x0000000784a80000,0x0000000785500000)
  to   space 10752K, 0% used [0x0000000784000000,0x0000000784000000,0x0000000784a80000)
 ParOldGen       total 175104K, used 0K [0x0000000700000000, 0x000000070ab00000, 0x0000000780000000)
  object space 175104K, 0% used [0x0000000700000000,0x0000000700000000,0x000000070ab00000)
 Metaspace       used 9067K, capacity 9362K, committed 9600K, reserved 1056768K
  class space    used 1228K, capacity 1357K, committed 1408K, reserved 1048576K
Event: 0.961 GC heap after
Heap after GC invocations=1 (full 0):
 PSYoungGen      total 76288K, used 6819K [0x0000000780000000, 0x0000000785500000, 0x00000007c0000000)
  eden space 65536K, 0% used [0x0000000780000000,0x0000000780000000,0x0000000784000000)
  from space 10752K, 63% used [0x0000000784000000,0x00000007846a8d58,0x0000000784a80000)
  to   space 10752K, 0% used [0x0000000784a80000,0x0000000784a80000,0x0000000785500000)
 ParOldGen       total 175104K, used 16K [0x0000000700000000, 0x000000070ab00000, 0x0000000780000000)
  object space 175104K, 0% used [0x0000000700000000,0x0000000700004000,0x000000070ab00000)
 Metaspace       used 9067K, capacity 9362K, committed 9600K, reserved 1056768K
  class space    used 1228K, capacity 1357K, committed 1408K, reserved 1048576K
}
Event: 2.638 GC heap before
{Heap before GC invocations=2 (full 0):
 PSYoungGen      total 76288K, used 72355K [0x0000000780000000, 0x0000000785500000, 0x00000007c0000000)
  eden space 65536K, 100% used [0x0000000780000000,0x0000000784000000,0x0000000784000000)
  from space 10752K, 63% used [0x0000000784000000,0x00000007846a8d58,0x0000000784a80000)
  to   space 10752K, 0% used [0x0000000784a80000,0x0000000784a80000,0x0000000785500000)
 ParOldGen       total 175104K, used 16K [0x0000000700000000, 0x000000070ab00000, 0x0000000780000000)
  object space 175104K, 0% used [0x0000000700000000,0x0000000700004000,0x000000070ab00000)
 Metaspace       used 16010K, capacity 16264K, committed 16384K, reserved 1062912K
  class space    used 2347K, capacity 2512K, committed 2560K, reserved 1048576K
Event: 2.650 GC heap after
Heap after GC invocations=2 (full 0):
 PSYoungGen      total 76288K, used 10667K [0x0000000780000000, 0x0000000785500000, 0x00000007c0000000)
  eden space 65536K, 0% used [0x0000000780000000,0x0000000780000000,0x0000000784000000)
  from space 10752K, 99% used [0x0000000784a80000,0x00000007854ead70,0x0000000785500000)
  to   space 10752K, 0% used [0x0000000784000000,0x0000000784000000,0x0000000784a80000)
 ParOldGen       total 175104K, used 24K [0x0000000700000000, 0x000000070ab00000, 0x0000000780000000)
  object space 175104K, 0% used [0x0000000700000000,0x0000000700006000,0x000000070ab00000)
 Metaspace       used 16010K, capacity 16264K, committed 16384K, reserved 1062912K
  class space    used 2347K, capacity 2512K, committed 2560K, reserved 1048576K
}
Event: 3.003 GC heap before
{Heap before GC invocations=3 (full 0):
 PSYoungGen      total 76288K, used 42074K [0x0000000780000000, 0x0000000785500000, 0x00000007c0000000)
  eden space 65536K, 47% used [0x0000000780000000,0x0000000781eabb48,0x0000000784000000)
  from space 10752K, 99% used [0x0000000784a80000,0x00000007854ead70,0x0000000785500000)
  to   space 10752K, 0% used [0x0000000784000000,0x0000000784000000,0x0000000784a80000)
 ParOldGen       total 175104K, used 24K [0x0000000700000000, 0x000000070ab00000, 0x0000000780000000)
  object space 175104K, 0% used [0x0000000700000000,0x0000000700006000,0x000000070ab00000)
 Metaspace       used 20842K, capacity 21134K, committed 21296K, reserved 1067008K
  class space    used 2983K, capacity 3089K, committed 3120K, reserved 1048576K
Event: 3.010 GC heap after
Heap after GC invocations=3 (full 0):
 PSYoungGen      total 76288K, used 9462K [0x0000000780000000, 0x0000000789500000, 0x00000007c0000000)
  eden space 65536K, 0% used [0x0000000780000000,0x0000000780000000,0x0000000784000000)
  from space 10752K, 88% used [0x0000000784000000,0x000000078493da00,0x0000000784a80000)
  to   space 10752K, 0% used [0x0000000788a80000,0x0000000788a80000,0x0000000789500000)
 ParOldGen       total 175104K, used 32K [0x0000000700000000, 0x000000070ab00000, 0x0000000780000000)
  object space 175104K, 0% used [0x0000000700000000,0x0000000700008000,0x000000070ab00000)
 Metaspace       used 20842K, capacity 21134K, committed 21296K, reserved 1067008K
  class space    used 2983K, capacity 3089K, committed 3120K, reserved 1048576K
}
Event: 3.010 GC heap before
{Heap before GC invocations=4 (full 1):
 PSYoungGen      total 76288K, used 9462K [0x0000000780000000, 0x0000000789500000, 0x00000007c0000000)
  eden space 65536K, 0% used [0x0000000780000000,0x0000000780000000,0x0000000784000000)
  from space 10752K, 88% used [0x0000000784000000,0x000000078493da00,0x0000000784a80000)
  to   space 10752K, 0% used [0x0000000788a80000,0x0000000788a80000,0x0000000789500000)
 ParOldGen       total 175104K, used 32K [0x0000000700000000, 0x000000070ab00000, 0x0000000780000000)
  object space 175104K, 0% used [0x0000000700000000,0x0000000700008000,0x000000070ab00000)
 Metaspace       used 20842K, capacity 21134K, committed 21296K, reserved 1067008K
  class space    used 2983K, capacity 3089K, committed 3120K, reserved 1048576K
Event: 3.040 GC heap after
Heap after GC invocations=4 (full 1):
 PSYoungGen      total 76288K, used 0K [0x0000000780000000, 0x0000000789500000, 0x00000007c0000000)
  eden space 65536K, 0% used [0x0000000780000000,0x0000000780000000,0x0000000784000000)
  from space 10752K, 0% used [0x0000000784000000,0x0000000784000000,0x0000000784a80000)
  to   space 10752K, 0% used [0x0000000788a80000,0x0000000788a80000,0x0000000789500000)
 ParOldGen       total 107520K, used 9231K [0x0000000700000000, 0x0000000706900000, 0x0000000780000000)
  object space 107520K, 8% used [0x0000000700000000,0x0000000700903cb8,0x0000000706900000)
 Metaspace       used 20842K, capacity 21134K, committed 21296K, reserved 1067008K
  class space    used 2983K, capacity 3089K, committed 3120K, reserved 1048576K
}
Event: 3.628 GC heap before
{Heap before GC invocations=5 (full 1):
 PSYoungGen      total 76288K, used 65536K [0x0000000780000000, 0x0000000789500000, 0x00000007c0000000)
  eden space 65536K, 100% used [0x0000000780000000,0x0000000784000000,0x0000000784000000)
  from space 10752K, 0% used [0x0000000784000000,0x0000000784000000,0x0000000784a80000)
  to   space 10752K, 0% used [0x0000000788a80000,0x0000000788a80000,0x0000000789500000)
 ParOldGen       total 107520K, used 9231K [0x0000000700000000, 0x0000000706900000, 0x0000000780000000)
  object space 107520K, 8% used [0x0000000700000000,0x0000000700903cb8,0x0000000706900000)
 Metaspace       used 26725K, capacity 27076K, committed 27184K, reserved 1073152K
  class space    used 3737K, capacity 3872K, committed 3888K, reserved 1048576K
Event: 3.637 GC heap after
Heap after GC invocations=5 (full 1):
 PSYoungGen      total 108544K, used 6895K [0x0000000780000000, 0x0000000789180000, 0x00000007c0000000)
  eden space 101376K, 0% used [0x0000000780000000,0x0000000780000000,0x0000000786300000)
  from space 7168K, 96% used [0x0000000788a80000,0x000000078913be30,0x0000000789180000)
  to   space 10752K, 0% used [0x0000000787c80000,0x0000000787c80000,0x0000000788700000)
 ParOldGen       total 107520K, used 9231K [0x0000000700000000, 0x0000000706900000, 0x0000000780000000)
  object space 107520K, 8% used [0x0000000700000000,0x0000000700903cb8,0x0000000706900000)
 Metaspace       used 26725K, capacity 27076K, committed 27184K, reserved 1073152K
  class space    used 3737K, capacity 3872K, committed 3888K, reserved 1048576K
}

